<?xml version="1.0" encoding="UTF-8"?>
<!-- Generated by org.testng.reporters.JUnitXMLReporter -->
<testsuite ignored="0" hostname="macbook.oneshore.lcl" failures="1" tests="1" name="LoginFailurePassword" time="0.004" errors="0" timestamp="2020-10-22T10:52:55 MDT">
  <testcase classname="seleniumtrainingmaven.ParameterizedLoginTest" name="loginTest" time="0.0">
    <failure type="org.testng.TestNGException" message="
Parameter &amp;apos;loginSucceeds&amp;apos; is required by @Test on method loginTest but has not been marked @Optional or defined
in /Users/aaronevans/FAA/seleniumtrainingmaven/testng.xml">
      <![CDATA[org.testng.TestNGException: 
Parameter 'loginSucceeds' is required by @Test on method loginTest but has not been marked @Optional or defined
in /Users/aaronevans/FAA/seleniumtrainingmaven/testng.xml
at java.base/java.util.concurrent.ThreadPoolExecutor.runWorker(ThreadPoolExecutor.java:1130)
at java.base/java.util.concurrent.ThreadPoolExecutor$Worker.run(ThreadPoolExecutor.java:630)
at java.base/java.lang.Thread.run(Thread.java:832)
... Removed 11 stack frames]]>
    </failure>
  </testcase> <!-- loginTest -->
</testsuite> <!-- LoginFailurePassword -->
